03:36:50 [94mTRACE[0m [90m/home/jacob/Documents/AURORA/server/src/aim.c:64:[0m AIM initialized 64 max workers
03:36:50 [94mTRACE[0m [90m/home/jacob/Documents/AURORA/server/src/acl.c:95:[0m Connection Listener Listening
03:36:50 [94mTRACE[0m [90m/home/jacob/Documents/AURORA/common/src/aci/aci_internal.c:49:[0m UCP Context Created
03:36:50 [36mDEBUG[0m [90m/home/jacob/Documents/AURORA/common/src/aci/aci.c:194:[0m Keeping ACI context alive
03:37:06 [94mTRACE[0m [90m/home/jacob/Documents/AURORA/server/src/acr/acr_cmd_connection.c:26:[0m Attempting to accept new connection
03:37:06 [94mTRACE[0m [90m/home/jacob/Documents/AURORA/server/src/acr/acr_cmd_connection.c:26:[0m Attempting to accept new connection
03:37:06 [94mTRACE[0m [90m/home/jacob/Documents/AURORA/server/src/acr/acr_cmd_connection.c:26:[0m Attempting to accept new connection
03:37:06 [94mTRACE[0m [90m/home/jacob/Documents/AURORA/server/src/acr/acr_cmd_connection.c:26:[0m Attempting to accept new connection
03:37:06 [94mTRACE[0m [90m/home/jacob/Documents/AURORA/server/src/aim.c:97:[0m Attempting to add AIM entry.. 1 in existence
03:37:06 [94mTRACE[0m [90m/home/jacob/Documents/AURORA/server/src/aim.c:97:[0m Attempting to add AIM entry.. 0 in existence
03:37:06 [94mTRACE[0m [90m/home/jacob/Documents/AURORA/server/src/aim.c:97:[0m Attempting to add AIM entry.. 3 in existence
03:37:06 [94mTRACE[0m [90m/home/jacob/Documents/AURORA/server/src/aim.c:97:[0m Attempting to add AIM entry.. 2 in existence
03:37:06 [94mTRACE[0m [90m/home/jacob/Documents/AURORA/common/src/aci/aci.c:67:[0m ACI created, 2 references
03:37:06 [94mTRACE[0m [90m/home/jacob/Documents/AURORA/common/src/aci/aci.c:67:[0m ACI created, 3 references
03:37:06 [94mTRACE[0m [90m/home/jacob/Documents/AURORA/common/src/acn/acn_instance.c:87:[0m Releasing RKEY
03:37:06 [94mTRACE[0m [90m/home/jacob/Documents/AURORA/common/src/acn/acn_instance.c:87:[0m Releasing RKEY
03:37:06 [94mTRACE[0m [90m/home/jacob/Documents/AURORA/common/src/acn/acn_instance.c:94:[0m Total Exchange size = 19
03:37:06 [94mTRACE[0m [90m/home/jacob/Documents/AURORA/common/src/acn/acn_instance.c:94:[0m Total Exchange size = 19
03:37:06 [94mTRACE[0m [90m/home/jacob/Documents/AURORA/common/src/aci/aci.c:67:[0m ACI created, 4 references
03:37:06 [94mTRACE[0m [90m/home/jacob/Documents/AURORA/common/src/aci/aci.c:67:[0m ACI created, 5 references
03:37:06 [94mTRACE[0m [90m/home/jacob/Documents/AURORA/common/src/acn/acn_instance.c:87:[0m Releasing RKEY
03:37:06 [36mDEBUG[0m [90m/home/jacob/Documents/AURORA/server/src/acr/acr_cmd_connection.c:76:[0m rank=2
03:37:06 [94mTRACE[0m [90m/home/jacob/Documents/AURORA/common/src/acn/acn_instance.c:94:[0m Total Exchange size = 19
03:37:06 [36mDEBUG[0m [90m/home/jacob/Documents/AURORA/server/src/acr/acr_cmd_connection.c:77:[0m group_id=0
03:37:06 [36mDEBUG[0m [90m/home/jacob/Documents/AURORA/server/src/acr/acr_cmd_connection.c:78:[0m group_size=4
03:37:06 [36mDEBUG[0m [90m/home/jacob/Documents/AURORA/server/src/acr/acr_cmd_connection.c:76:[0m rank=3
03:37:06 [36mDEBUG[0m [90m/home/jacob/Documents/AURORA/server/src/acr/acr_cmd_connection.c:79:[0m path=./checkpoints
03:37:06 [36mDEBUG[0m [90m/home/jacob/Documents/AURORA/server/src/acr/acr_cmd_connection.c:77:[0m group_id=0
03:37:06 [36mDEBUG[0m [90m/home/jacob/Documents/AURORA/server/src/acr/acr_cmd_connection.c:76:[0m rank=0
03:37:06 [36mDEBUG[0m [90m/home/jacob/Documents/AURORA/server/src/acr/acr_cmd_connection.c:77:[0m group_id=0
03:37:06 [36mDEBUG[0m [90m/home/jacob/Documents/AURORA/server/src/acr/acr_cmd_connection.c:78:[0m group_size=4
03:37:06 [36mDEBUG[0m [90m/home/jacob/Documents/AURORA/server/src/acr/acr_cmd_connection.c:79:[0m path=./checkpoints
03:37:06 [36mDEBUG[0m [90m/home/jacob/Documents/AURORA/server/src/acr/acr_cmd_connection.c:78:[0m group_size=4
03:37:06 [94mTRACE[0m [90m/home/jacob/Documents/AURORA/common/src/acn/acn_instance.c:87:[0m Releasing RKEY
03:37:06 [36mDEBUG[0m [90m/home/jacob/Documents/AURORA/server/src/acr/acr_cmd_connection.c:79:[0m path=./checkpoints
03:37:06 [94mTRACE[0m [90m/home/jacob/Documents/AURORA/common/src/acn/acn_instance.c:94:[0m Total Exchange size = 19
03:37:06 [36mDEBUG[0m [90m/home/jacob/Documents/AURORA/server/src/acr/acr_cmd_connection.c:76:[0m rank=1
03:37:06 [36mDEBUG[0m [90m/home/jacob/Documents/AURORA/server/src/acr/acr_cmd_connection.c:77:[0m group_id=0
03:37:06 [36mDEBUG[0m [90m/home/jacob/Documents/AURORA/server/src/acr/acr_cmd_connection.c:78:[0m group_size=4
03:37:06 [36mDEBUG[0m [90m/home/jacob/Documents/AURORA/server/src/acr/acr_cmd_connection.c:79:[0m path=./checkpoints
03:37:06 [36mDEBUG[0m [90m/home/jacob/Documents/AURORA/common/src/aci/aci.c:104:[0m ACI connected
03:37:06 [36mDEBUG[0m [90m/home/jacob/Documents/AURORA/common/src/acn/acn_instance.c:143:[0m ACN Connected
03:37:06 [94mTRACE[0m [90m/home/jacob/Documents/AURORA/common/src/afv/afv.c:182:[0m Lookup: ./checkpoints/heatdis-600-2-0.afvmeta
03:37:06 [94mTRACE[0m [90m/home/jacob/Documents/AURORA/common/src/afv/afv.c:238:[0m Loaded Metadata: heatdis 600
03:37:06 [94mTRACE[0m [90m/home/jacob/Documents/AURORA/common/src/afv/afv.c:241:[0m  -> 0)  (0) size=4
03:37:06 [94mTRACE[0m [90m/home/jacob/Documents/AURORA/common/src/afv/afv.c:241:[0m  -> 1)  (1) size=536576
03:37:06 [94mTRACE[0m [90m/home/jacob/Documents/AURORA/common/src/afv/afv.c:241:[0m  -> 2)  (2) size=536576
03:37:06 [94mTRACE[0m [90m/home/jacob/Documents/AURORA/server/src/acr/acr_cmd_connection.c:139:[0m New connection accepted.
03:37:06 [36mDEBUG[0m [90m/home/jacob/Documents/AURORA/common/src/aci/aci.c:104:[0m ACI connected
03:37:06 [36mDEBUG[0m [90m/home/jacob/Documents/AURORA/common/src/acn/acn_instance.c:143:[0m ACN Connected
03:37:06 [94mTRACE[0m [90m/home/jacob/Documents/AURORA/common/src/afv/afv.c:182:[0m Lookup: ./checkpoints/heatdis-600-1-0.afvmeta
03:37:06 [94mTRACE[0m [90m/home/jacob/Documents/AURORA/common/src/afv/afv.c:238:[0m Loaded Metadata: heatdis 600
03:37:06 [94mTRACE[0m [90m/home/jacob/Documents/AURORA/common/src/afv/afv.c:241:[0m  -> 0)  (0) size=4
03:37:06 [94mTRACE[0m [90m/home/jacob/Documents/AURORA/common/src/afv/afv.c:241:[0m  -> 1)  (1) size=536576
03:37:06 [94mTRACE[0m [90m/home/jacob/Documents/AURORA/common/src/afv/afv.c:241:[0m  -> 2)  (2) size=536576
03:37:06 [94mTRACE[0m [90m/home/jacob/Documents/AURORA/server/src/acr/acr_cmd_connection.c:139:[0m New connection accepted.
03:37:06 [36mDEBUG[0m [90m/home/jacob/Documents/AURORA/common/src/aci/aci.c:104:[0m ACI connected
03:37:06 [36mDEBUG[0m [90m/home/jacob/Documents/AURORA/common/src/acn/acn_instance.c:143:[0m ACN Connected
03:37:06 [94mTRACE[0m [90m/home/jacob/Documents/AURORA/common/src/afv/afv.c:182:[0m Lookup: ./checkpoints/heatdis-600-0-0.afvmeta
03:37:06 [94mTRACE[0m [90m/home/jacob/Documents/AURORA/common/src/afv/afv.c:238:[0m Loaded Metadata: heatdis 600
03:37:06 [94mTRACE[0m [90m/home/jacob/Documents/AURORA/common/src/afv/afv.c:241:[0m  -> 0)  (0) size=4
03:37:06 [94mTRACE[0m [90m/home/jacob/Documents/AURORA/common/src/afv/afv.c:241:[0m  -> 1)  (1) size=536576
03:37:06 [94mTRACE[0m [90m/home/jacob/Documents/AURORA/common/src/afv/afv.c:241:[0m  -> 2)  (2) size=536576
03:37:06 [94mTRACE[0m [90m/home/jacob/Documents/AURORA/server/src/acr/acr_cmd_connection.c:139:[0m New connection accepted.
03:37:06 [36mDEBUG[0m [90m/home/jacob/Documents/AURORA/common/src/aci/aci.c:104:[0m ACI connected
03:37:06 [36mDEBUG[0m [90m/home/jacob/Documents/AURORA/common/src/acn/acn_instance.c:143:[0m ACN Connected
03:37:06 [94mTRACE[0m [90m/home/jacob/Documents/AURORA/common/src/afv/afv.c:182:[0m Lookup: ./checkpoints/heatdis-600-3-0.afvmeta
03:37:06 [94mTRACE[0m [90m/home/jacob/Documents/AURORA/common/src/afv/afv.c:238:[0m Loaded Metadata: heatdis 600
03:37:06 [94mTRACE[0m [90m/home/jacob/Documents/AURORA/common/src/afv/afv.c:241:[0m  -> 0)  (0) size=4
03:37:06 [94mTRACE[0m [90m/home/jacob/Documents/AURORA/common/src/afv/afv.c:241:[0m  -> 1)  (1) size=536576
03:37:06 [94mTRACE[0m [90m/home/jacob/Documents/AURORA/common/src/afv/afv.c:241:[0m  -> 2)  (2) size=536576
03:37:06 [94mTRACE[0m [90m/home/jacob/Documents/AURORA/server/src/acr/acr_cmd_connection.c:139:[0m New connection accepted.
03:37:06 [36mDEBUG[0m [90m/home/jacob/Documents/AURORA/common/src/arm/arm_am.c:108:[0m Added new remote region. 0 
03:37:06 [36mDEBUG[0m [90m/home/jacob/Documents/AURORA/common/src/arm/arm_am.c:108:[0m Added new remote region. 1 
03:37:06 [36mDEBUG[0m [90m/home/jacob/Documents/AURORA/common/src/arm/arm_am.c:108:[0m Added new remote region. 2 
03:37:06 [36mDEBUG[0m [90m/home/jacob/Documents/AURORA/common/src/arm/arm_am.c:108:[0m Added new remote region. 0 
03:37:06 [36mDEBUG[0m [90m/home/jacob/Documents/AURORA/common/src/arm/arm_am.c:108:[0m Added new remote region. 0 
03:37:06 [36mDEBUG[0m [90m/home/jacob/Documents/AURORA/common/src/arm/arm_am.c:108:[0m Added new remote region. 0 
03:37:06 [36mDEBUG[0m [90m/home/jacob/Documents/AURORA/common/src/arm/arm_am.c:108:[0m Added new remote region. 1 
03:37:06 [36mDEBUG[0m [90m/home/jacob/Documents/AURORA/common/src/arm/arm_am.c:108:[0m Added new remote region. 2 
03:37:06 [36mDEBUG[0m [90m/home/jacob/Documents/AURORA/common/src/arm/arm_am.c:108:[0m Added new remote region. 1 
03:37:06 [36mDEBUG[0m [90m/home/jacob/Documents/AURORA/common/src/arm/arm_am.c:108:[0m Added new remote region. 2 
03:37:06 [36mDEBUG[0m [90m/home/jacob/Documents/AURORA/common/src/arm/arm_am.c:108:[0m Added new remote region. 1 
03:37:06 [36mDEBUG[0m [90m/home/jacob/Documents/AURORA/common/src/arm/arm_am.c:108:[0m Added new remote region. 2 
03:37:06 [94mTRACE[0m [90m/home/jacob/Documents/AURORA/common/src/afv/afv.c:182:[0m Lookup: ./checkpoints/heatdis-400-1-0.afvmeta
03:37:06 [94mTRACE[0m [90m/home/jacob/Documents/AURORA/common/src/afv/afv.c:238:[0m Loaded Metadata: heatdis 400
03:37:06 [94mTRACE[0m [90m/home/jacob/Documents/AURORA/common/src/afv/afv.c:241:[0m  -> 0)  (0) size=4
03:37:06 [94mTRACE[0m [90m/home/jacob/Documents/AURORA/common/src/afv/afv.c:241:[0m  -> 1)  (1) size=536576
03:37:06 [94mTRACE[0m [90m/home/jacob/Documents/AURORA/common/src/afv/afv.c:241:[0m  -> 2)  (2) size=536576
03:37:06 [36mDEBUG[0m [90m/home/jacob/Documents/AURORA/server/src/acr/acr_cmd_restart.c:92:[0m Restore Triggered -> 1: heatdis (400)
03:37:06 [94mTRACE[0m [90m/home/jacob/Documents/AURORA/common/src/afv/afv_metadata.c:150:[0m Attempting to match metadata (md_rgns=3)
03:37:06 [94mTRACE[0m [90m/home/jacob/Documents/AURORA/common/src/afv/afv_metadata.c:182:[0m Matched: 0 -> 0 (0)
03:37:06 [94mTRACE[0m [90m/home/jacob/Documents/AURORA/common/src/afv/afv_metadata.c:182:[0m Matched: 1 -> 1 (1)
03:37:06 [94mTRACE[0m [90m/home/jacob/Documents/AURORA/common/src/afv/afv_metadata.c:182:[0m Matched: 2 -> 2 (2)
03:37:06 [94mTRACE[0m [90m/home/jacob/Documents/AURORA/common/src/afv/afv_file.c:97:[0m Opening: ./checkpoints/heatdis-400-1-0.afvdat
03:37:06 [36mDEBUG[0m [90m/home/jacob/Documents/AURORA/server/src/acr/acr_cmd_restart.c:181:[0m rgn: 0 -> rgnid: 0 (4)
03:37:06 [36mDEBUG[0m [90m/home/jacob/Documents/AURORA/server/src/acr/acr_cmd_restart.c:181:[0m rgn: 1 -> rgnid: 1 (536576)
03:37:06 [31mERROR[0m [90m/home/jacob/Documents/AURORA/common/src/arm/arm_rw.c:53:[0m NULL Parameter
03:37:06 [31mERROR[0m [90m/home/jacob/Documents/AURORA/server/src/acr/acr_cmd_restart.c:219:[0m ARM Err 4
03:37:06 [36mDEBUG[0m [90m/home/jacob/Documents/AURORA/server/src/acr/acr_cmd_restart.c:181:[0m rgn: 2 -> rgnid: 2 (536576)
03:37:06 [31mERROR[0m [90m/home/jacob/Documents/AURORA/common/src/arm/arm_rw.c:53:[0m NULL Parameter
03:37:06 [31mERROR[0m [90m/home/jacob/Documents/AURORA/server/src/acr/acr_cmd_restart.c:219:[0m ARM Err 4
03:37:06 [36mDEBUG[0m [90m/home/jacob/Documents/AURORA/common/src/afv/afv_file.c:127:[0m Closed File: ./checkpoints/heatdis-400-1-0.afvdat
03:37:06 [94mTRACE[0m [90m/home/jacob/Documents/AURORA/server/src/acr/acr_cmd_restart.c:252:[0m Set Version
03:37:06 [94mTRACE[0m [90m/home/jacob/Documents/AURORA/server/src/acr/acr_cmd_restart.c:259:[0m Ticked Restore
03:37:06 [94mTRACE[0m [90m/home/jacob/Documents/AURORA/common/src/afv/afv.c:182:[0m Lookup: ./checkpoints/heatdis-0-3-0.afvmeta
03:37:06 [33mWARN [0m [90m/home/jacob/Documents/AURORA/common/src/afv/afv.c:191:[0m File Error
03:37:06 [33mWARN [0m [90m/home/jacob/Documents/AURORA/server/src/acr/acr_cmd_restart.c:79:[0m Bad Alloc??
03:37:06 [94mTRACE[0m [90m/home/jacob/Documents/AURORA/common/src/afv/afv.c:182:[0m Lookup: ./checkpoints/heatdis-600-3-0.afvmeta
03:37:06 [94mTRACE[0m [90m/home/jacob/Documents/AURORA/common/src/afv/afv.c:238:[0m Loaded Metadata: heatdis 600
03:37:06 [94mTRACE[0m [90m/home/jacob/Documents/AURORA/common/src/afv/afv.c:241:[0m  -> 0)  (0) size=4
03:37:06 [94mTRACE[0m [90m/home/jacob/Documents/AURORA/common/src/afv/afv.c:241:[0m  -> 1)  (1) size=536576
03:37:06 [94mTRACE[0m [90m/home/jacob/Documents/AURORA/common/src/afv/afv.c:241:[0m  -> 2)  (2) size=536576
03:37:06 [36mDEBUG[0m [90m/home/jacob/Documents/AURORA/server/src/acr/acr_cmd_restart.c:92:[0m Restore Triggered -> 3: heatdis (600)
03:37:06 [94mTRACE[0m [90m/home/jacob/Documents/AURORA/common/src/afv/afv_metadata.c:150:[0m Attempting to match metadata (md_rgns=3)
03:37:06 [94mTRACE[0m [90m/home/jacob/Documents/AURORA/common/src/afv/afv_metadata.c:182:[0m Matched: 0 -> 0 (0)
03:37:06 [94mTRACE[0m [90m/home/jacob/Documents/AURORA/common/src/afv/afv_metadata.c:182:[0m Matched: 1 -> 1 (1)
03:37:06 [94mTRACE[0m [90m/home/jacob/Documents/AURORA/common/src/afv/afv_metadata.c:182:[0m Matched: 2 -> 2 (2)
03:37:06 [94mTRACE[0m [90m/home/jacob/Documents/AURORA/common/src/afv/afv_file.c:97:[0m Opening: ./checkpoints/heatdis-600-3-0.afvdat
03:37:06 [36mDEBUG[0m [90m/home/jacob/Documents/AURORA/server/src/acr/acr_cmd_restart.c:181:[0m rgn: 0 -> rgnid: 0 (4)
03:37:06 [36mDEBUG[0m [90m/home/jacob/Documents/AURORA/server/src/acr/acr_cmd_restart.c:181:[0m rgn: 1 -> rgnid: 1 (536576)
03:37:06 [31mERROR[0m [90m/home/jacob/Documents/AURORA/common/src/arm/arm_rw.c:53:[0m NULL Parameter
03:37:06 [31mERROR[0m [90m/home/jacob/Documents/AURORA/server/src/acr/acr_cmd_restart.c:219:[0m ARM Err 4
03:37:06 [36mDEBUG[0m [90m/home/jacob/Documents/AURORA/server/src/acr/acr_cmd_restart.c:181:[0m rgn: 2 -> rgnid: 2 (536576)
03:37:06 [31mERROR[0m [90m/home/jacob/Documents/AURORA/common/src/arm/arm_rw.c:53:[0m NULL Parameter
03:37:06 [31mERROR[0m [90m/home/jacob/Documents/AURORA/server/src/acr/acr_cmd_restart.c:219:[0m ARM Err 4
03:37:06 [36mDEBUG[0m [90m/home/jacob/Documents/AURORA/common/src/afv/afv_file.c:127:[0m Closed File: ./checkpoints/heatdis-600-3-0.afvdat
03:37:06 [94mTRACE[0m [90m/home/jacob/Documents/AURORA/server/src/acr/acr_cmd_restart.c:252:[0m Set Version
03:37:06 [94mTRACE[0m [90m/home/jacob/Documents/AURORA/server/src/acr/acr_cmd_restart.c:259:[0m Ticked Restore
03:37:06 [94mTRACE[0m [90m/home/jacob/Documents/AURORA/common/src/afv/afv.c:182:[0m Lookup: ./checkpoints/heatdis-400-2-0.afvmeta
03:37:06 [94mTRACE[0m [90m/home/jacob/Documents/AURORA/common/src/afv/afv.c:238:[0m Loaded Metadata: heatdis 400
03:37:06 [94mTRACE[0m [90m/home/jacob/Documents/AURORA/common/src/afv/afv.c:241:[0m  -> 0)  (0) size=4
03:37:06 [94mTRACE[0m [90m/home/jacob/Documents/AURORA/common/src/afv/afv.c:241:[0m  -> 1)  (1) size=536576
03:37:06 [94mTRACE[0m [90m/home/jacob/Documents/AURORA/common/src/afv/afv.c:241:[0m  -> 2)  (2) size=536576
03:37:06 [36mDEBUG[0m [90m/home/jacob/Documents/AURORA/server/src/acr/acr_cmd_restart.c:92:[0m Restore Triggered -> 2: heatdis (400)
03:37:06 [94mTRACE[0m [90m/home/jacob/Documents/AURORA/common/src/afv/afv_metadata.c:150:[0m Attempting to match metadata (md_rgns=3)
03:37:06 [94mTRACE[0m [90m/home/jacob/Documents/AURORA/common/src/afv/afv_metadata.c:182:[0m Matched: 0 -> 0 (0)
03:37:06 [94mTRACE[0m [90m/home/jacob/Documents/AURORA/common/src/afv/afv_metadata.c:182:[0m Matched: 1 -> 1 (1)
03:37:06 [94mTRACE[0m [90m/home/jacob/Documents/AURORA/common/src/afv/afv_metadata.c:182:[0m Matched: 2 -> 2 (2)
03:37:06 [94mTRACE[0m [90m/home/jacob/Documents/AURORA/common/src/afv/afv_file.c:97:[0m Opening: ./checkpoints/heatdis-400-2-0.afvdat
03:37:06 [36mDEBUG[0m [90m/home/jacob/Documents/AURORA/server/src/acr/acr_cmd_restart.c:181:[0m rgn: 0 -> rgnid: 0 (4)
03:37:06 [36mDEBUG[0m [90m/home/jacob/Documents/AURORA/server/src/acr/acr_cmd_restart.c:181:[0m rgn: 1 -> rgnid: 1 (536576)
03:37:06 [31mERROR[0m [90m/home/jacob/Documents/AURORA/common/src/arm/arm_rw.c:53:[0m NULL Parameter
03:37:06 [31mERROR[0m [90m/home/jacob/Documents/AURORA/server/src/acr/acr_cmd_restart.c:219:[0m ARM Err 4
03:37:06 [36mDEBUG[0m [90m/home/jacob/Documents/AURORA/server/src/acr/acr_cmd_restart.c:181:[0m rgn: 2 -> rgnid: 2 (536576)
03:37:06 [31mERROR[0m [90m/home/jacob/Documents/AURORA/common/src/arm/arm_rw.c:53:[0m NULL Parameter
03:37:06 [31mERROR[0m [90m/home/jacob/Documents/AURORA/server/src/acr/acr_cmd_restart.c:219:[0m ARM Err 4
03:37:06 [36mDEBUG[0m [90m/home/jacob/Documents/AURORA/common/src/afv/afv_file.c:127:[0m Closed File: ./checkpoints/heatdis-400-2-0.afvdat
03:37:06 [94mTRACE[0m [90m/home/jacob/Documents/AURORA/server/src/acr/acr_cmd_restart.c:252:[0m Set Version
03:37:06 [94mTRACE[0m [90m/home/jacob/Documents/AURORA/server/src/acr/acr_cmd_restart.c:259:[0m Ticked Restore
03:37:06 [94mTRACE[0m [90m/home/jacob/Documents/AURORA/common/src/afv/afv.c:182:[0m Lookup: ./checkpoints/heatdis-400-0-0.afvmeta
03:37:06 [94mTRACE[0m [90m/home/jacob/Documents/AURORA/common/src/afv/afv.c:238:[0m Loaded Metadata: heatdis 400
03:37:06 [94mTRACE[0m [90m/home/jacob/Documents/AURORA/common/src/afv/afv.c:241:[0m  -> 0)  (0) size=4
03:37:06 [94mTRACE[0m [90m/home/jacob/Documents/AURORA/common/src/afv/afv.c:241:[0m  -> 1)  (1) size=536576
03:37:06 [94mTRACE[0m [90m/home/jacob/Documents/AURORA/common/src/afv/afv.c:241:[0m  -> 2)  (2) size=536576
03:37:06 [36mDEBUG[0m [90m/home/jacob/Documents/AURORA/server/src/acr/acr_cmd_restart.c:92:[0m Restore Triggered -> 0: heatdis (400)
03:37:06 [94mTRACE[0m [90m/home/jacob/Documents/AURORA/common/src/afv/afv_metadata.c:150:[0m Attempting to match metadata (md_rgns=3)
03:37:06 [94mTRACE[0m [90m/home/jacob/Documents/AURORA/common/src/afv/afv_metadata.c:182:[0m Matched: 0 -> 0 (0)
03:37:06 [94mTRACE[0m [90m/home/jacob/Documents/AURORA/common/src/afv/afv_metadata.c:182:[0m Matched: 1 -> 1 (1)
03:37:06 [94mTRACE[0m [90m/home/jacob/Documents/AURORA/common/src/afv/afv_metadata.c:182:[0m Matched: 2 -> 2 (2)
03:37:06 [94mTRACE[0m [90m/home/jacob/Documents/AURORA/common/src/afv/afv_file.c:97:[0m Opening: ./checkpoints/heatdis-400-0-0.afvdat
03:37:06 [36mDEBUG[0m [90m/home/jacob/Documents/AURORA/server/src/acr/acr_cmd_restart.c:181:[0m rgn: 0 -> rgnid: 0 (4)
03:37:06 [36mDEBUG[0m [90m/home/jacob/Documents/AURORA/server/src/acr/acr_cmd_restart.c:181:[0m rgn: 1 -> rgnid: 1 (536576)
03:37:06 [31mERROR[0m [90m/home/jacob/Documents/AURORA/common/src/arm/arm_rw.c:53:[0m NULL Parameter
03:37:06 [31mERROR[0m [90m/home/jacob/Documents/AURORA/server/src/acr/acr_cmd_restart.c:219:[0m ARM Err 4
03:37:06 [36mDEBUG[0m [90m/home/jacob/Documents/AURORA/server/src/acr/acr_cmd_restart.c:181:[0m rgn: 2 -> rgnid: 2 (536576)
03:37:06 [31mERROR[0m [90m/home/jacob/Documents/AURORA/common/src/arm/arm_rw.c:53:[0m NULL Parameter
03:37:06 [31mERROR[0m [90m/home/jacob/Documents/AURORA/server/src/acr/acr_cmd_restart.c:219:[0m ARM Err 4
03:37:06 [36mDEBUG[0m [90m/home/jacob/Documents/AURORA/common/src/afv/afv_file.c:127:[0m Closed File: ./checkpoints/heatdis-400-0-0.afvdat
03:37:06 [94mTRACE[0m [90m/home/jacob/Documents/AURORA/server/src/acr/acr_cmd_restart.c:252:[0m Set Version
03:37:06 [94mTRACE[0m [90m/home/jacob/Documents/AURORA/server/src/acr/acr_cmd_restart.c:259:[0m Ticked Restore
03:37:06 [94mTRACE[0m [90m/home/jacob/Documents/AURORA/common/src/aci/aci_callbacks.c:25:[0m aci error cb: Connection reset by remote peer
03:37:06 [32mINFO [0m [90m/home/jacob/Documents/AURORA/server/src/are.c:59:[0m ACN Returned Fatal Error.. Closing Connection
03:37:06 [94mTRACE[0m [90m/home/jacob/Documents/AURORA/server/src/acr/acr_cmd_connection.c:161:[0m ACR is intentionally destroying an instance
03:37:06 [36mDEBUG[0m [90m/home/jacob/Documents/AURORA/common/src/arm/arm.c:82:[0m Destroying Instance
03:37:06 [94mTRACE[0m [90m/home/jacob/Documents/AURORA/common/src/arm/arm.c:90:[0m destroy rkey 0x7f9b94021900
03:37:06 [36mDEBUG[0m [90m/home/jacob/Documents/AURORA/common/src/arm/arm.c:100:[0m destroy rkey 0x7f9b94021980
03:37:06 [94mTRACE[0m [90m/home/jacob/Documents/AURORA/common/src/arm/arm.c:90:[0m destroy rkey 0x7f9b94021800
03:37:06 [36mDEBUG[0m [90m/home/jacob/Documents/AURORA/common/src/arm/arm.c:100:[0m destroy rkey 0x7f9b94021880
03:37:06 [94mTRACE[0m [90m/home/jacob/Documents/AURORA/common/src/arm/arm.c:90:[0m destroy rkey 0x7f9b94021700
03:37:06 [36mDEBUG[0m [90m/home/jacob/Documents/AURORA/common/src/arm/arm.c:100:[0m destroy rkey 0x7f9b94021780
03:37:06 [94mTRACE[0m [90m/home/jacob/Documents/AURORA/common/src/acn/acn_instance.c:155:[0m Closing ACN
03:37:06 [94mTRACE[0m [90m/home/jacob/Documents/AURORA/common/src/aci/aci.c:165:[0m Closing ACI.. 4 references left
03:37:06 [94mTRACE[0m [90m/home/jacob/Documents/AURORA/common/src/aci/aci_callbacks.c:25:[0m aci error cb: Connection reset by remote peer
03:37:06 [32mINFO [0m [90m/home/jacob/Documents/AURORA/server/src/are.c:59:[0m ACN Returned Fatal Error.. Closing Connection
03:37:06 [94mTRACE[0m [90m/home/jacob/Documents/AURORA/server/src/acr/acr_cmd_connection.c:161:[0m ACR is intentionally destroying an instance
03:37:06 [94mTRACE[0m [90m/home/jacob/Documents/AURORA/common/src/aci/aci_callbacks.c:25:[0m aci error cb: Connection reset by remote peer
03:37:06 [36mDEBUG[0m [90m/home/jacob/Documents/AURORA/common/src/arm/arm.c:82:[0m Destroying Instance
03:37:06 [94mTRACE[0m [90m/home/jacob/Documents/AURORA/common/src/arm/arm.c:90:[0m destroy rkey 0x7f9b9c020e80
03:37:06 [36mDEBUG[0m [90m/home/jacob/Documents/AURORA/common/src/arm/arm.c:100:[0m destroy rkey 0x7f9b9c020f00
03:37:06 [94mTRACE[0m [90m/home/jacob/Documents/AURORA/common/src/arm/arm.c:90:[0m destroy rkey 0x7f9b9c020d80
03:37:06 [36mDEBUG[0m [90m/home/jacob/Documents/AURORA/common/src/arm/arm.c:100:[0m destroy rkey 0x7f9b9c020e00
03:37:06 [94mTRACE[0m [90m/home/jacob/Documents/AURORA/common/src/arm/arm.c:90:[0m destroy rkey 0x7f9b9c020c80
03:37:06 [36mDEBUG[0m [90m/home/jacob/Documents/AURORA/common/src/arm/arm.c:100:[0m destroy rkey 0x7f9b9c020d00
03:37:06 [94mTRACE[0m [90m/home/jacob/Documents/AURORA/common/src/acn/acn_instance.c:155:[0m Closing ACN
03:37:06 [94mTRACE[0m [90m/home/jacob/Documents/AURORA/common/src/aci/aci.c:165:[0m Closing ACI.. 3 references left
03:37:06 [32mINFO [0m [90m/home/jacob/Documents/AURORA/server/src/are.c:59:[0m ACN Returned Fatal Error.. Closing Connection
03:37:06 [94mTRACE[0m [90m/home/jacob/Documents/AURORA/server/src/acr/acr_cmd_connection.c:161:[0m ACR is intentionally destroying an instance
03:37:06 [36mDEBUG[0m [90m/home/jacob/Documents/AURORA/common/src/arm/arm.c:82:[0m Destroying Instance
03:37:06 [94mTRACE[0m [90m/home/jacob/Documents/AURORA/common/src/arm/arm.c:90:[0m destroy rkey 0x7f9b98020f40
03:37:06 [94mTRACE[0m [90m/home/jacob/Documents/AURORA/common/src/aci/aci_callbacks.c:25:[0m aci error cb: Connection reset by remote peer
03:37:06 [36mDEBUG[0m [90m/home/jacob/Documents/AURORA/common/src/arm/arm.c:100:[0m destroy rkey 0x7f9b98020fc0
03:37:06 [94mTRACE[0m [90m/home/jacob/Documents/AURORA/common/src/arm/arm.c:90:[0m destroy rkey 0x7f9b98020e40
03:37:06 [36mDEBUG[0m [90m/home/jacob/Documents/AURORA/common/src/arm/arm.c:100:[0m destroy rkey 0x7f9b98020ec0
03:37:06 [94mTRACE[0m [90m/home/jacob/Documents/AURORA/common/src/arm/arm.c:90:[0m destroy rkey 0x7f9b98020d40
03:37:06 [36mDEBUG[0m [90m/home/jacob/Documents/AURORA/common/src/arm/arm.c:100:[0m destroy rkey 0x7f9b98020dc0
03:37:06 [94mTRACE[0m [90m/home/jacob/Documents/AURORA/common/src/acn/acn_instance.c:155:[0m Closing ACN
03:37:06 [94mTRACE[0m [90m/home/jacob/Documents/AURORA/common/src/aci/aci.c:165:[0m Closing ACI.. 2 references left
03:37:06 [32mINFO [0m [90m/home/jacob/Documents/AURORA/server/src/are.c:59:[0m ACN Returned Fatal Error.. Closing Connection
03:37:06 [94mTRACE[0m [90m/home/jacob/Documents/AURORA/server/src/acr/acr_cmd_connection.c:161:[0m ACR is intentionally destroying an instance
03:37:06 [36mDEBUG[0m [90m/home/jacob/Documents/AURORA/common/src/arm/arm.c:82:[0m Destroying Instance
03:37:06 [94mTRACE[0m [90m/home/jacob/Documents/AURORA/common/src/arm/arm.c:90:[0m destroy rkey 0x7f9b90020f00
03:37:06 [36mDEBUG[0m [90m/home/jacob/Documents/AURORA/common/src/arm/arm.c:100:[0m destroy rkey 0x7f9b90020f80
03:37:06 [94mTRACE[0m [90m/home/jacob/Documents/AURORA/common/src/arm/arm.c:90:[0m destroy rkey 0x7f9b90020e00
03:37:06 [36mDEBUG[0m [90m/home/jacob/Documents/AURORA/common/src/arm/arm.c:100:[0m destroy rkey 0x7f9b90020e80
03:37:06 [94mTRACE[0m [90m/home/jacob/Documents/AURORA/common/src/arm/arm.c:90:[0m destroy rkey 0x7f9b90020d00
03:37:06 [36mDEBUG[0m [90m/home/jacob/Documents/AURORA/common/src/arm/arm.c:100:[0m destroy rkey 0x7f9b90020d80
03:37:06 [94mTRACE[0m [90m/home/jacob/Documents/AURORA/common/src/acn/acn_instance.c:155:[0m Closing ACN
03:37:06 [94mTRACE[0m [90m/home/jacob/Documents/AURORA/common/src/aci/aci.c:165:[0m Closing ACI.. 1 references left
